Build started 14/1/16 1:28:04 pm.
     1>Project "\\psf\Home\Documents\GPAssignment2\Code\PrisonEscape\PrisonEscape.vcxproj" on node 2 (Build target(s)).
     1>ClCompile:
         C:\Program Files (x86)\Microsoft Visual Studio 14.0\VC\bin\CL.exe /c /I../Includes/ /ZI /nologo /W3 /WX- /sdl /Od /Oy- /D _MBCS /Gm /EHsc /RTC1 /MDd /GS /fp:precise /Zc:wchar_t /Zc:forScope /Zc:inline /Fo"Debug\\" /Fd"Debug\vc140.pdb" /Gd /TP /analyze- /errorReport:prompt game.cpp game.h prisonEscape.cpp tile.cpp winmain.cpp
         winmain.cpp
     1>\\psf\home\documents\gpassignment2\code\prisonescape\winmain.cpp(23): error C2143: syntax error: missing ';' before '*'
     1>\\psf\home\documents\gpassignment2\code\prisonescape\winmain.cpp(23): error C4430: missing type specifier - int assumed. Note: C++ does not support default-int
     1>\\psf\home\documents\gpassignment2\code\prisonescape\winmain.cpp(44): error C2061: syntax error: identifier 'Grpg'
     1>\\psf\home\documents\gpassignment2\code\prisonescape\winmain.cpp(51): error C2227: left of '->initialize' must point to class/struct/union/generic type
         \\psf\home\documents\gpassignment2\code\prisonescape\winmain.cpp(51): note: type is 'int *'
     1>\\psf\home\documents\gpassignment2\code\prisonescape\winmain.cpp(68): error C2227: left of '->run' must point to class/struct/union/generic type
         \\psf\home\documents\gpassignment2\code\prisonescape\winmain.cpp(68): note: type is 'int *'
     1>\\psf\home\documents\gpassignment2\code\prisonescape\winmain.cpp(75): error C2227: left of '->deleteAll' must point to class/struct/union/generic type
         \\psf\home\documents\gpassignment2\code\prisonescape\winmain.cpp(75): note: type is 'int *'
     1>\\psf\home\documents\gpassignment2\code\prisonescape\winmain.cpp(81): error C2227: left of '->deleteAll' must point to class/struct/union/generic type
         \\psf\home\documents\gpassignment2\code\prisonescape\winmain.cpp(81): note: type is 'int *'
     1>\\psf\home\documents\gpassignment2\code\prisonescape\winmain.cpp(97): error C2227: left of '->messageHandler' must point to class/struct/union/generic type
         \\psf\home\documents\gpassignment2\code\prisonescape\winmain.cpp(97): note: type is 'int *'
         tile.cpp
     1>\\psf\home\documents\gpassignment2\code\prisonescape\tile.cpp(8): fatal error C1083: Cannot open include file: 'StoveMoveBehavior.h': No such file or directory
         prisonEscape.cpp
     1>\\psf\home\documents\gpassignment2\code\prisonescape\prisonescape.cpp(46): warning C4244: 'argument': conversion from 'time_t' to 'unsigned int', possible loss of data
     1>\\psf\home\documents\gpassignment2\code\prisonescape\prisonescape.cpp(96): error C2065: 'ui': undeclared identifier
     1>\\psf\home\documents\gpassignment2\code\prisonescape\prisonescape.cpp(96): error C2227: left of '->onLostDevice' must point to class/struct/union/generic type
         \\psf\home\documents\gpassignment2\code\prisonescape\prisonescape.cpp(96): note: type is 'unknown-type'
     1>\\psf\home\documents\gpassignment2\code\prisonescape\prisonescape.cpp(112): error C2065: 'ui': undeclared identifier
     1>\\psf\home\documents\gpassignment2\code\prisonescape\prisonescape.cpp(112): error C2227: left of '->onResetDevice' must point to class/struct/union/generic type
         \\psf\home\documents\gpassignment2\code\prisonescape\prisonescape.cpp(112): note: type is 'unknown-type'
         game.h
         game.cpp
     1>\\psf\home\documents\gpassignment2\code\prisonescape\game.cpp(274): warning C4150: deletion of pointer to incomplete type 'Entity'; no destructor called
         \\psf\home\documents\gpassignment2\code\prisonescape\game.h(24): note: see declaration of 'Entity'
     1>\\psf\home\documents\gpassignment2\code\prisonescape\game.cpp(279): warning C4150: deletion of pointer to incomplete type 'Entity'; no destructor called
         \\psf\home\documents\gpassignment2\code\prisonescape\game.h(24): note: see declaration of 'Entity'
         Generating Code...
     1>Done Building Project "\\psf\Home\Documents\GPAssignment2\Code\PrisonEscape\PrisonEscape.vcxproj" (Build target(s)) -- FAILED.

Build FAILED.

Time Elapsed 00:00:07.00
