\\psf\home\documents\gpassignment2\code\prisonescape\debug\vc140.pdb
\\psf\home\documents\gpassignment2\code\prisonescape\debug\vc140.idb
\\psf\home\documents\gpassignment2\code\prisonescape\debug\input.obj
\\psf\home\documents\gpassignment2\code\prisonescape\debug\list.obj
\\psf\home\documents\gpassignment2\code\prisonescape\debug\game.obj
\\psf\home\documents\gpassignment2\code\prisonescape\debug\graphics.obj
\\psf\home\documents\gpassignment2\code\prisonescape\debug\textdx.obj
\\psf\home\documents\gpassignment2\code\prisonescape\debug\texturemanager.obj
\\psf\home\documents\gpassignment2\code\prisonescape\debug\prisonescape.obj
\\psf\home\documents\gpassignment2\code\prisonescape\debug\image.obj
\\psf\home\documents\gpassignment2\code\prisonescape\debug\entity.obj
\\psf\home\documents\gpassignment2\code\prisonescape\debug\tile.obj
\\psf\home\documents\gpassignment2\code\prisonescape\debug\winmain.obj
\\psf\home\documents\gpassignment2\code\prisonescape\debug\prisonescape.pdb
\\psf\home\documents\gpassignment2\code\prisonescape\debug\prisonescape.tlog\cl.command.1.tlog
\\psf\home\documents\gpassignment2\code\prisonescape\debug\prisonescape.tlog\cl.read.1.tlog
\\psf\home\documents\gpassignment2\code\prisonescape\debug\prisonescape.tlog\cl.write.1.tlog
\\psf\home\documents\gpassignment2\code\prisonescape\debug\prisonescape.tlog\link-cvtres.read.1.tlog
\\psf\home\documents\gpassignment2\code\prisonescape\debug\prisonescape.tlog\link-cvtres.write.1.tlog
\\psf\home\documents\gpassignment2\code\prisonescape\debug\prisonescape.tlog\link-rc.read.1.tlog
\\psf\home\documents\gpassignment2\code\prisonescape\debug\prisonescape.tlog\link-rc.write.1.tlog
\\psf\home\documents\gpassignment2\code\prisonescape\debug\prisonescape.tlog\link.command.1.tlog
\\psf\home\documents\gpassignment2\code\prisonescape\debug\prisonescape.tlog\link.read.1.tlog
\\psf\home\documents\gpassignment2\code\prisonescape\debug\prisonescape.tlog\link.write.1.tlog
